# JRE version: Java(TM) SE Runtime Environment (17.0.5+9) (build 17.0.5+9-LTS-191)
# Java VM: Java HotSpot(TM) 64-Bit Server VM (17.0.5+9-LTS-191, mixed mode, sharing, tiered, compressed oops, compressed class ptrs, g1 gc, windows-amd64)
GC Precious Log:
 CPUs: 8 total, 8 available
 Memory: 7985M
 Large Page Support: Disabled
 NUMA Support: Disabled
 Compressed Oops: Enabled (32-bit)
 Heap Region Size: 1M
 Heap Min Capacity: 8M
 Heap Initial Capacity: 126M
 Heap Max Capacity: 1998M
 Pre-touch: Disabled
 Parallel Workers: 8
 Concurrent Workers: 2
 Concurrent Refinement Workers: 8
 Periodic GC: Disabled
Heap:
 garbage-first heap   total 116736K, used 32752K [0x0000000083200000, 0x0000000100000000)
  region size 1024K, 1 young (1024K), 1 survivors (1024K)
 Metaspace       used 76995K, committed 78144K, reserved 1122304K
  class space    used 10242K, committed 10752K, reserved 1048576K
GC Heap History (20 events):
Event: 5256.237 GC heap after
{Heap after GC invocations=299 (full 0):
 garbage-first heap   total 116736K, used 32417K [0x0000000083200000, 0x0000000100000000)
  region size 1024K, 1 young (1024K), 1 survivors (1024K)
 Metaspace       used 76947K, committed 78144K, reserved 1122304K
  class space    used 10242K, committed 10752K, reserved 1048576K
}
Event: 5294.405 GC heap before
{Heap before GC invocations=300 (full 0):
 garbage-first heap   total 116736K, used 101025K [0x0000000083200000, 0x0000000100000000)
  region size 1024K, 68 young (69632K), 1 survivors (1024K)
 Metaspace       used 76947K, committed 78144K, reserved 1122304K
  class space    used 10242K, committed 10752K, reserved 1048576K
}
Event: 5294.480 GC heap after
{Heap after GC invocations=301 (full 0):
 garbage-first heap   total 116736K, used 31974K [0x0000000083200000, 0x0000000100000000)
  region size 1024K, 1 young (1024K), 1 survivors (1024K)
 Metaspace       used 76947K, committed 78144K, reserved 1122304K
  class space    used 10242K, committed 10752K, reserved 1048576K
}
Event: 5296.365 GC heap before
{Heap before GC invocations=301 (full 0):
 garbage-first heap   total 116736K, used 36070K [0x0000000083200000, 0x0000000100000000)
  region size 1024K, 5 young (5120K), 1 survivors (1024K)
 Metaspace       used 76947K, committed 78144K, reserved 1122304K
  class space    used 10242K, committed 10752K, reserved 1048576K
}
Event: 5296.371 GC heap after
{Heap after GC invocations=302 (full 0):
 garbage-first heap   total 116736K, used 32459K [0x0000000083200000, 0x0000000100000000)
  region size 1024K, 1 young (1024K), 1 survivors (1024K)
 Metaspace       used 76947K, committed 78144K, reserved 1122304K
  class space    used 10242K, committed 10752K, reserved 1048576K
}
Event: 5332.158 GC heap before
{Heap before GC invocations=302 (full 0):
 garbage-first heap   total 116736K, used 101067K [0x0000000083200000, 0x0000000100000000)
  region size 1024K, 68 young (69632K), 1 survivors (1024K)
 Metaspace       used 76967K, committed 78144K, reserved 1122304K
  class space    used 10242K, committed 10752K, reserved 1048576K
}
Event: 5332.203 GC heap after
{Heap after GC invocations=303 (full 0):
 garbage-first heap   total 116736K, used 32308K [0x0000000083200000, 0x0000000100000000)
  region size 1024K, 1 young (1024K), 1 survivors (1024K)
 Metaspace       used 76967K, committed 78144K, reserved 1122304K
  class space    used 10242K, committed 10752K, reserved 1048576K
}
Event: 5367.232 GC heap before
{Heap before GC invocations=304 (full 0):
 garbage-first heap   total 116736K, used 100916K [0x0000000083200000, 0x0000000100000000)
  region size 1024K, 68 young (69632K), 1 survivors (1024K)
 Metaspace       used 76994K, committed 78144K, reserved 1122304K
  class space    used 10242K, committed 10752K, reserved 1048576K
}
Event: 5367.237 GC heap after
{Heap after GC invocations=305 (full 0):
 garbage-first heap   total 116736K, used 32941K [0x0000000083200000, 0x0000000100000000)
  region size 1024K, 2 young (2048K), 2 survivors (2048K)
 Metaspace       used 76994K, committed 78144K, reserved 1122304K
  class space    used 10242K, committed 10752K, reserved 1048576K
}
Event: 5368.618 GC heap before
{Heap before GC invocations=305 (full 0):
 garbage-first heap   total 116736K, used 36013K [0x0000000083200000, 0x0000000100000000)
  region size 1024K, 5 young (5120K), 2 survivors (2048K)
 Metaspace       used 76995K, committed 78144K, reserved 1122304K
  class space    used 10242K, committed 10752K, reserved 1048576K
}
Event: 5368.643 GC heap after
{Heap after GC invocations=306 (full 0):
 garbage-first heap   total 116736K, used 32845K [0x0000000083200000, 0x0000000100000000)
  region size 1024K, 1 young (1024K), 1 survivors (1024K)
 Metaspace       used 76995K, committed 78144K, reserved 1122304K
  class space    used 10242K, committed 10752K, reserved 1048576K
}
Event: 5406.035 GC heap before
{Heap before GC invocations=306 (full 0):
 garbage-first heap   total 116736K, used 101453K [0x0000000083200000, 0x0000000100000000)
  region size 1024K, 68 young (69632K), 1 survivors (1024K)
 Metaspace       used 76995K, committed 78144K, reserved 1122304K
  class space    used 10242K, committed 10752K, reserved 1048576K
}
Event: 5406.038 GC heap after
{Heap after GC invocations=307 (full 0):
 garbage-first heap   total 116736K, used 32385K [0x0000000083200000, 0x0000000100000000)
  region size 1024K, 1 young (1024K), 1 survivors (1024K)
 Metaspace       used 76995K, committed 78144K, reserved 1122304K
  class space    used 10242K, committed 10752K, reserved 1048576K
}
Event: 5442.719 GC heap before
{Heap before GC invocations=308 (full 0):
 garbage-first heap   total 116736K, used 100993K [0x0000000083200000, 0x0000000100000000)
  region size 1024K, 68 young (69632K), 1 survivors (1024K)
 Metaspace       used 76995K, committed 78144K, reserved 1122304K
  class space    used 10242K, committed 10752K, reserved 1048576K
}
Event: 5442.729 GC heap after
{Heap after GC invocations=309 (full 0):
 garbage-first heap   total 116736K, used 32823K [0x0000000083200000, 0x0000000100000000)
  region size 1024K, 1 young (1024K), 1 survivors (1024K)
 Metaspace       used 76995K, committed 78144K, reserved 1122304K
  class space    used 10242K, committed 10752K, reserved 1048576K
}
Event: 5445.102 GC heap before
{Heap before GC invocations=309 (full 0):
 garbage-first heap   total 116736K, used 36919K [0x0000000083200000, 0x0000000100000000)
  region size 1024K, 5 young (5120K), 1 survivors (1024K)
 Metaspace       used 76995K, committed 78144K, reserved 1122304K
  class space    used 10242K, committed 10752K, reserved 1048576K
}
Event: 5445.110 GC heap after
{Heap after GC invocations=310 (full 0):
 garbage-first heap   total 116736K, used 32703K [0x0000000083200000, 0x0000000100000000)
  region size 1024K, 1 young (1024K), 1 survivors (1024K)
 Metaspace       used 76995K, committed 78144K, reserved 1122304K
  class space    used 10242K, committed 10752K, reserved 1048576K
}
Event: 5482.334 GC heap before
{Heap before GC invocations=310 (full 0):
 garbage-first heap   total 116736K, used 101311K [0x0000000083200000, 0x0000000100000000)
  region size 1024K, 68 young (69632K), 1 survivors (1024K)
 Metaspace       used 76995K, committed 78144K, reserved 1122304K
  class space    used 10242K, committed 10752K, reserved 1048576K
}
Event: 5482.380 GC heap after
{Heap after GC invocations=311 (full 0):
 garbage-first heap   total 116736K, used 32195K [0x0000000083200000, 0x0000000100000000)
  region size 1024K, 1 young (1024K), 1 survivors (1024K)
 Metaspace       used 76995K, committed 78144K, reserved 1122304K
  class space    used 10242K, committed 10752K, reserved 1048576K
}
Event: 5519.445 GC heap before
{Heap before GC invocations=312 (full 0):
 garbage-first heap   total 116736K, used 100803K [0x0000000083200000, 0x0000000100000000)
  region size 1024K, 68 young (69632K), 1 survivors (1024K)
 Metaspace       used 76995K, committed 78144K, reserved 1122304K
  class space    used 10242K, committed 10752K, reserved 1048576K
}

